<?xml version="1.0" encoding="UTF-8"?>
<!-- Generated by org.testng.reporters.JUnitReportReporter -->
<testsuite skipped="0" hostname="DESKTOP-KUAKP52" name="com.google.SimpleGoogleSearchTest" tests="1" failures="0" timestamp="07 ноя 2017 19:35:31 GMT" time="1.157" errors="0">
  <testcase name="searchTest" time="1.157" classname="com.google.SimpleGoogleSearchTest"/>
</testsuite> <!-- com.google.SimpleGoogleSearchTest -->
