<?xml version="1.0" encoding="UTF-8"?>
<!-- Generated by org.testng.reporters.JUnitReportReporter -->
<testsuite skipped="0" hostname="DESKTOP-KUAKP52" name="com.google.SimpleGoogleSearchTest" tests="1" failures="0" timestamp="05 дек 2017 19:41:39 GMT" time="1.217" errors="0">
  <testcase name="searchTest" time="1.217" classname="com.google.SimpleGoogleSearchTest"/>
</testsuite> <!-- com.google.SimpleGoogleSearchTest -->
